- Performing serial::is_executable test ... 
	 OK
- Performing serial::loading_files_2.1 test ... 
	- Different files: test.out and ExpectedResults/1/test.out 
	- Different files: clustering/results/parameters.json and ExpectedResults/1/parameters.json 
	 FAILED
- Performing serial::serial::loading_files_2.2 test ... 
	- Different files: test.out and ExpectedResults/1/test.out 
	- Different files: clustering/results/parameters.json and ExpectedResults/1/parameters.json 
	 FAILED
- Performing serial::serial::loading_files_2.3 test ... 
	- Test failed due to unknown exception. 
	 FAILED
- Performing serial::full_execution test ... 
	 OK
